<?xml version="1.0" encoding="UTF-8"?>
<testng-results ignored="0" total="1" passed="1" failed="0" skipped="0">
  <reporter-output>
  </reporter-output>
  <suite started-at="2022-10-20T08:20:57 GMT-07:00" name="Surefire suite" finished-at="2022-10-20T08:21:04 GMT-07:00" duration-ms="7475">
    <groups>
    </groups>
    <test started-at="2022-10-20T08:20:57 GMT-07:00" name="Surefire test" finished-at="2022-10-20T08:21:04 GMT-07:00" duration-ms="7475">
      <class name="Test1">
        <test-method is-config="true" signature="setUp()[pri:0, instance:Test1@4df50bcc]" started-at="2022-10-20T08:20:57 GMT-07:00" name="setUp" finished-at="2022-10-20T08:21:01 GMT-07:00" duration-ms="4654" status="PASS">
          <reporter-output>
          </reporter-output>
        </test-method> <!-- setUp -->
        <test-method signature="test1()[pri:0, instance:Test1@4df50bcc]" started-at="2022-10-20T08:21:01 GMT-07:00" name="test1" finished-at="2022-10-20T08:21:04 GMT-07:00" duration-ms="2735" status="PASS">
          <reporter-output>
          </reporter-output>
        </test-method> <!-- test1 -->
      </class> <!-- Test1 -->
    </test> <!-- Surefire test -->
  </suite> <!-- Surefire suite -->
</testng-results>
